<?xml version="1.0" encoding="UTF-8"?>
<testng-results ignored="0" total="1" passed="1" failed="0" skipped="0">
  <reporter-output>
  </reporter-output>
  <suite started-at="2020-10-08T02:35:34 EDT" name="helloworld.TestHelloWorld" finished-at="2020-10-08T02:35:34 EDT" duration-ms="29">
    <groups>
    </groups>
    <test started-at="2020-10-08T02:35:34 EDT" name="Command line test" finished-at="2020-10-08T02:35:34 EDT" duration-ms="29">
      <class name="helloworld.TestHelloWorld">
        <test-method signature="testhelloworld()[pri:0, instance:helloworld.TestHelloWorld@4690b489]" started-at="2020-10-08T02:35:34 EDT" name="testhelloworld" finished-at="2020-10-08T02:35:34 EDT" duration-ms="3" status="PASS">
          <reporter-output>
          </reporter-output>
        </test-method> <!-- testhelloworld -->
      </class> <!-- helloworld.TestHelloWorld -->
    </test> <!-- Command line test -->
  </suite> <!-- helloworld.TestHelloWorld -->
</testng-results>
